[debug] [2023-09-04T12:18:48.227Z] ----------------------------------------------------------------------
[debug] [2023-09-04T12:18:48.230Z] Command:       C:\Program Files\nodejs\node.exe C:\Users\19164\AppData\Roaming\npm\node_modules\firebase-tools\lib\bin\firebase.js init
[debug] [2023-09-04T12:18:48.231Z] CLI Version:   12.5.2
[debug] [2023-09-04T12:18:48.231Z] Platform:      win32
[debug] [2023-09-04T12:18:48.232Z] Node Version:  v18.17.1
[debug] [2023-09-04T12:18:48.232Z] Time:          Mon Sep 04 2023 08:18:48 GMT-0400 (Bolivia Time)
[debug] [2023-09-04T12:18:48.233Z] ----------------------------------------------------------------------
[debug] 
[debug] [2023-09-04T12:18:48.246Z] > command requires scopes: ["email","openid","https://www.googleapis.com/auth/cloudplatformprojects.readonly","https://www.googleapis.com/auth/firebase","https://www.googleapis.com/auth/cloud-platform"]
[debug] [2023-09-04T12:18:48.247Z] > authorizing via signed-in user (sean.kniznik@gmail.com)
[info] 
     ######## #### ########  ######## ########     ###     ######  ########
     ##        ##  ##     ## ##       ##     ##  ##   ##  ##       ##
     ######    ##  ########  ######   ########  #########  ######  ######
     ##        ##  ##    ##  ##       ##     ## ##     ##       ## ##
     ##       #### ##     ## ######## ########  ##     ##  ######  ########

You're about to initialize a Firebase project in this directory:

  C:\Users\19164\Desktop\access

[info] 
=== Project Setup
[info] 
[info] First, let's associate this project directory with a Firebase project.
[info] You can create multiple project aliases by running firebase use --add, 
[info] but for now we'll just set up a default project.
[info] 
[debug] [2023-09-04T12:18:53.893Z] >>> [apiv2][query] GET https://firebase.googleapis.com/v1beta1/projects pageSize=100
[debug] [2023-09-04T12:18:54.906Z] <<< [apiv2][status] GET https://firebase.googleapis.com/v1beta1/projects 200
[debug] [2023-09-04T12:18:54.906Z] <<< [apiv2][body] GET https://firebase.googleapis.com/v1beta1/projects [omitted]
[info] i  Using project access11022 (access11022) 
[info] 
=== Database Setup
[info] i  database: ensuring required API firebasedatabase.googleapis.com is enabled... 
[debug] [2023-09-04T12:18:55.428Z] >>> [apiv2][query] GET https://serviceusage.googleapis.com/v1/projects/access11022/services/firebasedatabase.googleapis.com [none]
[debug] [2023-09-04T12:18:55.428Z] >>> [apiv2][(partial)header] GET https://serviceusage.googleapis.com/v1/projects/access11022/services/firebasedatabase.googleapis.com x-goog-quota-user=projects/access11022
[debug] [2023-09-04T12:18:56.232Z] <<< [apiv2][status] GET https://serviceusage.googleapis.com/v1/projects/access11022/services/firebasedatabase.googleapis.com 200
[debug] [2023-09-04T12:18:56.232Z] <<< [apiv2][body] GET https://serviceusage.googleapis.com/v1/projects/access11022/services/firebasedatabase.googleapis.com [omitted]
[info] +  database: required API firebasedatabase.googleapis.com is enabled 
[info] 
[debug] [2023-09-04T12:18:56.234Z] >>> [apiv2][query] GET https://firebasedatabase.googleapis.com/v1beta/projects/access11022/locations/-/instances/access11022-default-rtdb [none]
[debug] [2023-09-04T12:18:57.089Z] <<< [apiv2][status] GET https://firebasedatabase.googleapis.com/v1beta/projects/access11022/locations/-/instances/access11022-default-rtdb 200
[debug] [2023-09-04T12:18:57.090Z] <<< [apiv2][body] GET https://firebasedatabase.googleapis.com/v1beta/projects/access11022/locations/-/instances/access11022-default-rtdb {"name":"projects/603092524119/locations/us-central1/instances/access11022-default-rtdb","project":"projects/603092524119","databaseUrl":"https://access11022-default-rtdb.firebaseio.com","type":"DEFAULT_DATABASE","state":"ACTIVE"}
[info] 
[info] Firebase Realtime Database Security Rules allow you to define how your data should be
[info] structured and when your data can be read from and written to.
[info] 
[debug] [2023-09-04T12:19:02.070Z] >>> [apiv2][query] GET https://access11022-default-rtdb.firebaseio.com/.settings/rules.json [none]
[debug] [2023-09-04T12:19:02.655Z] <<< [apiv2][status] GET https://access11022-default-rtdb.firebaseio.com/.settings/rules.json 200
[debug] [2023-09-04T12:19:02.655Z] <<< [apiv2][body] GET https://access11022-default-rtdb.firebaseio.com/.settings/rules.json [stream]
[info] +  Database Rules for access11022-default-rtdb have been written to database.rules.json. 
[info] Future modifications to database.rules.json will update Realtime Database Security Rules when you run
[info] firebase deploy.
[info] 
=== Firestore Setup
[debug] [2023-09-04T12:19:02.661Z] >>> [apiv2][query] GET https://serviceusage.googleapis.com/v1/projects/access11022/services/firestore.googleapis.com [none]
[debug] [2023-09-04T12:19:02.661Z] >>> [apiv2][(partial)header] GET https://serviceusage.googleapis.com/v1/projects/access11022/services/firestore.googleapis.com x-goog-quota-user=projects/access11022
[debug] [2023-09-04T12:19:03.176Z] <<< [apiv2][status] GET https://serviceusage.googleapis.com/v1/projects/access11022/services/firestore.googleapis.com 200
[debug] [2023-09-04T12:19:03.176Z] <<< [apiv2][body] GET https://serviceusage.googleapis.com/v1/projects/access11022/services/firestore.googleapis.com [omitted]
[debug] [2023-09-04T12:19:03.177Z] >>> [apiv2][query] GET https://firestore.googleapis.com/v1/projects/access11022/databases/(default) [none]
[debug] [2023-09-04T12:19:03.582Z] <<< [apiv2][status] GET https://firestore.googleapis.com/v1/projects/access11022/databases/(default) 200
[debug] [2023-09-04T12:19:03.582Z] <<< [apiv2][body] GET https://firestore.googleapis.com/v1/projects/access11022/databases/(default) {"name":"projects/access11022/databases/(default)","uid":"91858c8e-9c0d-4560-9483-2df8a72351fd","createTime":"2023-09-04T12:18:27.134339Z","updateTime":"2023-09-04T12:18:27.134339Z","locationId":"nam5","type":"FIRESTORE_NATIVE","concurrencyMode":"PESSIMISTIC","versionRetentionPeriod":"3600s","earliestVersionTime":"2023-09-04T12:18:27.134339Z","appEngineIntegrationMode":"DISABLED","keyPrefix":"s","pointInTimeRecoveryEnablement":"POINT_IN_TIME_RECOVERY_DISABLED","deleteProtectionState":"DELETE_PROTECTION_DISABLED","etag":"INf2yqD4kIEDMIPvso/4kIED"}
[debug] [2023-09-04T12:19:03.582Z] database_type: FIRESTORE_NATIVE
[debug] [2023-09-04T12:19:03.582Z] > command requires scopes: ["email","openid","https://www.googleapis.com/auth/cloudplatformprojects.readonly","https://www.googleapis.com/auth/firebase","https://www.googleapis.com/auth/cloud-platform"]
[debug] [2023-09-04T12:19:03.583Z] > authorizing via signed-in user (sean.kniznik@gmail.com)
[debug] [2023-09-04T12:19:03.583Z] [iam] checking project access11022 for permissions ["firebase.projects.get"]
[debug] [2023-09-04T12:19:03.584Z] >>> [apiv2][query] POST https://cloudresourcemanager.googleapis.com/v1/projects/access11022:testIamPermissions [none]
[debug] [2023-09-04T12:19:03.584Z] >>> [apiv2][(partial)header] POST https://cloudresourcemanager.googleapis.com/v1/projects/access11022:testIamPermissions x-goog-quota-user=projects/access11022
[debug] [2023-09-04T12:19:03.584Z] >>> [apiv2][body] POST https://cloudresourcemanager.googleapis.com/v1/projects/access11022:testIamPermissions {"permissions":["firebase.projects.get"]}
[debug] [2023-09-04T12:19:03.917Z] <<< [apiv2][status] POST https://cloudresourcemanager.googleapis.com/v1/projects/access11022:testIamPermissions 200
[debug] [2023-09-04T12:19:03.917Z] <<< [apiv2][body] POST https://cloudresourcemanager.googleapis.com/v1/projects/access11022:testIamPermissions {"permissions":["firebase.projects.get"]}
[info] 
[info] Firestore Security Rules allow you to define how and when to allow
[info] requests. You can keep these rules in your project directory
[info] and publish them with firebase deploy.
[info] 
[debug] [2023-09-04T12:19:06.532Z] >>> [apiv2][query] GET https://firebaserules.googleapis.com/v1/projects/access11022/releases pageSize=10&pageToken=
[debug] [2023-09-04T12:19:06.851Z] <<< [apiv2][status] GET https://firebaserules.googleapis.com/v1/projects/access11022/releases 200
[debug] [2023-09-04T12:19:06.851Z] <<< [apiv2][body] GET https://firebaserules.googleapis.com/v1/projects/access11022/releases {"releases":[{"name":"projects/access11022/releases/cloud.firestore","rulesetName":"projects/access11022/rulesets/5a1f5be9-9102-4362-ac4e-6f083267da2d","createTime":"2023-09-04T12:18:29.463780Z","updateTime":"2023-09-04T12:18:29.463780Z"}]}
[debug] [2023-09-04T12:19:06.852Z] Found ruleset: projects/access11022/rulesets/5a1f5be9-9102-4362-ac4e-6f083267da2d
[debug] [2023-09-04T12:19:06.852Z] >>> [apiv2][query] GET https://firebaserules.googleapis.com/v1/projects/access11022/rulesets/5a1f5be9-9102-4362-ac4e-6f083267da2d [none]
[debug] [2023-09-04T12:19:07.106Z] <<< [apiv2][status] GET https://firebaserules.googleapis.com/v1/projects/access11022/rulesets/5a1f5be9-9102-4362-ac4e-6f083267da2d 200
[debug] [2023-09-04T12:19:07.106Z] <<< [apiv2][body] GET https://firebaserules.googleapis.com/v1/projects/access11022/rulesets/5a1f5be9-9102-4362-ac4e-6f083267da2d [omitted]
[info] 
[info] Firestore indexes allow you to perform complex queries while
[info] maintaining performance that scales with the size of the result
[info] set. You can keep index definitions in your project directory
[info] and publish them with firebase deploy.
[info] 
[debug] [2023-09-04T12:19:08.187Z] >>> [apiv2][query] GET https://firestore.googleapis.com/v1/projects/access11022/databases/(default)/collectionGroups/-/indexes [none]
[debug] [2023-09-04T12:19:08.190Z] >>> [apiv2][query] GET https://firestore.googleapis.com/v1/projects/access11022/databases/(default)/collectionGroups/-/fields?filter=indexConfig.usesAncestorConfig=false OR ttlConfig:* [none]
[debug] [2023-09-04T12:19:08.637Z] <<< [apiv2][status] GET https://firestore.googleapis.com/v1/projects/access11022/databases/(default)/collectionGroups/-/indexes 200
[debug] [2023-09-04T12:19:08.637Z] <<< [apiv2][body] GET https://firestore.googleapis.com/v1/projects/access11022/databases/(default)/collectionGroups/-/indexes {}
[debug] [2023-09-04T12:19:10.042Z] <<< [apiv2][status] GET https://firestore.googleapis.com/v1/projects/access11022/databases/(default)/collectionGroups/-/fields?filter=indexConfig.usesAncestorConfig=false OR ttlConfig:* 200
[debug] [2023-09-04T12:19:10.042Z] <<< [apiv2][body] GET https://firestore.googleapis.com/v1/projects/access11022/databases/(default)/collectionGroups/-/fields?filter=indexConfig.usesAncestorConfig=false OR ttlConfig:* {"fields":[{"name":"projects/access11022/databases/(default)/collectionGroups/__default__/fields/*","indexConfig":{"indexes":[{"queryScope":"COLLECTION","fields":[{"fieldPath":"*","order":"ASCENDING"}],"state":"READY"},{"queryScope":"COLLECTION","fields":[{"fieldPath":"*","order":"DESCENDING"}],"state":"READY"},{"queryScope":"COLLECTION","fields":[{"fieldPath":"*","arrayConfig":"CONTAINS"}],"state":"READY"}]}}]}
[info] 
=== Functions Setup
[debug] [2023-09-04T12:19:10.045Z] > command requires scopes: ["email","openid","https://www.googleapis.com/auth/cloudplatformprojects.readonly","https://www.googleapis.com/auth/firebase","https://www.googleapis.com/auth/cloud-platform"]
[debug] [2023-09-04T12:19:10.045Z] > authorizing via signed-in user (sean.kniznik@gmail.com)
[debug] [2023-09-04T12:19:10.046Z] [iam] checking project access11022 for permissions ["firebase.projects.get"]
[debug] [2023-09-04T12:19:10.046Z] >>> [apiv2][query] POST https://cloudresourcemanager.googleapis.com/v1/projects/access11022:testIamPermissions [none]
[debug] [2023-09-04T12:19:10.046Z] >>> [apiv2][(partial)header] POST https://cloudresourcemanager.googleapis.com/v1/projects/access11022:testIamPermissions x-goog-quota-user=projects/access11022
[debug] [2023-09-04T12:19:10.046Z] >>> [apiv2][body] POST https://cloudresourcemanager.googleapis.com/v1/projects/access11022:testIamPermissions {"permissions":["firebase.projects.get"]}
[debug] [2023-09-04T12:19:10.325Z] <<< [apiv2][status] POST https://cloudresourcemanager.googleapis.com/v1/projects/access11022:testIamPermissions 200
[debug] [2023-09-04T12:19:10.325Z] <<< [apiv2][body] POST https://cloudresourcemanager.googleapis.com/v1/projects/access11022:testIamPermissions {"permissions":["firebase.projects.get"]}
[debug] [2023-09-04T12:19:10.326Z] >>> [apiv2][query] GET https://serviceusage.googleapis.com/v1/projects/access11022/services/cloudfunctions.googleapis.com [none]
[debug] [2023-09-04T12:19:10.326Z] >>> [apiv2][(partial)header] GET https://serviceusage.googleapis.com/v1/projects/access11022/services/cloudfunctions.googleapis.com x-goog-quota-user=projects/access11022
[debug] [2023-09-04T12:19:10.328Z] >>> [apiv2][query] GET https://serviceusage.googleapis.com/v1/projects/access11022/services/runtimeconfig.googleapis.com [none]
[debug] [2023-09-04T12:19:10.328Z] >>> [apiv2][(partial)header] GET https://serviceusage.googleapis.com/v1/projects/access11022/services/runtimeconfig.googleapis.com x-goog-quota-user=projects/access11022
[debug] [2023-09-04T12:19:10.813Z] <<< [apiv2][status] GET https://serviceusage.googleapis.com/v1/projects/access11022/services/runtimeconfig.googleapis.com 200
[debug] [2023-09-04T12:19:10.813Z] <<< [apiv2][body] GET https://serviceusage.googleapis.com/v1/projects/access11022/services/runtimeconfig.googleapis.com [omitted]
[debug] [2023-09-04T12:19:10.923Z] <<< [apiv2][status] GET https://serviceusage.googleapis.com/v1/projects/access11022/services/cloudfunctions.googleapis.com 200
[debug] [2023-09-04T12:19:10.923Z] <<< [apiv2][body] GET https://serviceusage.googleapis.com/v1/projects/access11022/services/cloudfunctions.googleapis.com [omitted]
[debug] [2023-09-04T12:19:10.923Z] >>> [apiv2][query] POST https://serviceusage.googleapis.com/v1/projects/access11022/services/cloudfunctions.googleapis.com:enable [none]
[debug] [2023-09-04T12:19:10.924Z] >>> [apiv2][(partial)header] POST https://serviceusage.googleapis.com/v1/projects/access11022/services/cloudfunctions.googleapis.com:enable x-goog-quota-user=projects/access11022
[debug] [2023-09-04T12:19:12.253Z] <<< [apiv2][status] POST https://serviceusage.googleapis.com/v1/projects/access11022/services/cloudfunctions.googleapis.com:enable 200
[debug] [2023-09-04T12:19:12.253Z] <<< [apiv2][body] POST https://serviceusage.googleapis.com/v1/projects/access11022/services/cloudfunctions.googleapis.com:enable [omitted]
[debug] [2023-09-04T12:19:22.255Z] >>> [apiv2][query] GET https://serviceusage.googleapis.com/v1/projects/access11022/services/cloudfunctions.googleapis.com [none]
[debug] [2023-09-04T12:19:22.255Z] >>> [apiv2][(partial)header] GET https://serviceusage.googleapis.com/v1/projects/access11022/services/cloudfunctions.googleapis.com x-goog-quota-user=projects/access11022
[debug] [2023-09-04T12:19:22.743Z] <<< [apiv2][status] GET https://serviceusage.googleapis.com/v1/projects/access11022/services/cloudfunctions.googleapis.com 200
[debug] [2023-09-04T12:19:22.743Z] <<< [apiv2][body] GET https://serviceusage.googleapis.com/v1/projects/access11022/services/cloudfunctions.googleapis.com [omitted]
[info] Let's create a new codebase for your functions.
[info] A directory corresponding to the codebase will be created in your project
[info] with sample code pre-configured.

[info] See https://firebase.google.com/docs/functions/organize-functions for
[info] more information on organizing your functions using codebases.

[info] Functions can be deployed with firebase deploy.

[info] +  Wrote functions/requirements.txt 
[info] +  Wrote functions/.gitignore 
[info] +  Wrote functions/main.py 
[debug] [2023-09-04T12:19:44.921Z] Running command with virtualenv: command="C:\Users\19164\Desktop\access\functions\venv\Scripts\activate.bat", args=["","&&","pip3","install","--upgrade","pip"]
[debug] [2023-09-04T12:19:47.711Z] Running command with virtualenv: command="C:\Users\19164\Desktop\access\functions\venv\Scripts\activate.bat", args=["","&&","python.exe","-m","pip","install","-r","requirements.txt"]
[info] 
=== Hosting Setup
[info] 
[info] Your public directory is the folder (relative to your project directory) that
[info] will contain Hosting assets to be uploaded with firebase deploy. If you
[info] have a build process for your assets, use your build's output directory.
[info] 
[debug] [2023-09-04T12:21:39.683Z] >>> [apiv2][query] GET https://www.gstatic.com/firebasejs/releases.json [none]
[debug] [2023-09-04T12:21:39.863Z] <<< [apiv2][status] GET https://www.gstatic.com/firebasejs/releases.json 200
[debug] [2023-09-04T12:21:39.863Z] <<< [apiv2][body] GET https://www.gstatic.com/firebasejs/releases.json {"current":{"version":"10.3.1","browserURL":"https://www.gstatic.com/firebasejs/10.3.1/firebase.js","packageURL":"https://www.gstatic.com/firebasejs/10.3.1/firebase.tgz"},"live":{"version":"10.3","browserURL":"https://www.gstatic.com/firebasejs/live/10.3/firebase.js","packageURL":"https://www.gstatic.com/firebasejs/live/10.3/firebase.tgz"},"components":{"analytics":"https://www.gstatic.com/firebasejs/10.3.1/firebase-analytics.js","app":"https://www.gstatic.com/firebasejs/10.3.1/firebase-app.js","app-check":"https://www.gstatic.com/firebasejs/10.3.1/firebase-app-check.js","auth":"https://www.gstatic.com/firebasejs/10.3.1/firebase-auth.js","auth/cordova":"https://www.gstatic.com/firebasejs/10.3.1/firebase-auth/cordova.js","functions":"https://www.gstatic.com/firebasejs/10.3.1/firebase-functions.js","firestore":"https://www.gstatic.com/firebasejs/10.3.1/firebase-firestore.js","firestore/lite":"https://www.gstatic.com/firebasejs/10.3.1/firebase-firestore/lite.js","installations":"https://www.gstatic.com/firebasejs/10.3.1/firebase-installations.js","storage":"https://www.gstatic.com/firebasejs/10.3.1/firebase-storage.js","performance":"https://www.gstatic.com/firebasejs/10.3.1/firebase-performance.js","remote-config":"https://www.gstatic.com/firebasejs/10.3.1/firebase-remote-config.js","messaging":"https://www.gstatic.com/firebasejs/10.3.1/firebase-messaging.js","messaging/sw":"https://www.gstatic.com/firebasejs/10.3.1/firebase-messaging/sw.js","database":"https://www.gstatic.com/firebasejs/10.3.1/firebase-database.js","firestore.memory":"https://www.gstatic.com/firebasejs/10.3.1/firebase-firestore.memory.js"}}
[info] +  Wrote public/index.html 
[info] 
[info] i  Didn't detect a .git folder. Assuming C:\Users\19164\Desktop\access is the project root. 
[info] i  Authorizing with GitHub to upload your service account to a GitHub repository's secrets store. 
[info] 
[info] Visit this URL on this device to log in:
[info] https://github.com/login/oauth/authorize?client_id=89cf50f02ac6aaed3484&state=1023708899&redirect_uri=http%3A%2F%2Flocalhost%3A9005&scope=read%3Auser%20repo%20public_repo
[info] 
[info] Waiting for authentication...
[debug] [2023-09-04T12:22:56.324Z] >>> [apiv2][query] POST https://github.com/login/oauth/access_token [none]
[debug] [2023-09-04T12:22:56.324Z] >>> [apiv2][body] POST https://github.com/login/oauth/access_token [stream]
[debug] [2023-09-04T12:22:56.710Z] <<< [apiv2][status] POST https://github.com/login/oauth/access_token 200
[debug] [2023-09-04T12:22:56.710Z] <<< [apiv2][body] POST https://github.com/login/oauth/access_token {"access_token":"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","token_type":"bearer","scope":"read:user,repo"}
[debug] [2023-09-04T12:22:56.717Z] >>> [apiv2][query] GET https://api.github.com/user [none]
[debug] [2023-09-04T12:22:57.057Z] <<< [apiv2][status] GET https://api.github.com/user 200
[debug] [2023-09-04T12:22:57.057Z] <<< [apiv2][body] GET https://api.github.com/user {"login":"REPEAnalyst","id":88999220,"node_id":"MDQ6VXNlcjg4OTk5MjIw","avatar_url":"https://avatars.githubusercontent.com/u/88999220?v=4","gravatar_id":"","url":"https://api.github.com/users/REPEAnalyst","html_url":"https://github.com/REPEAnalyst","followers_url":"https://api.github.com/users/REPEAnalyst/followers","following_url":"https://api.github.com/users/REPEAnalyst/following{/other_user}","gists_url":"https://api.github.com/users/REPEAnalyst/gists{/gist_id}","starred_url":"https://api.github.com/users/REPEAnalyst/starred{/owner}{/repo}","subscriptions_url":"https://api.github.com/users/REPEAnalyst/subscriptions","organizations_url":"https://api.github.com/users/REPEAnalyst/orgs","repos_url":"https://api.github.com/users/REPEAnalyst/repos","events_url":"https://api.github.com/users/REPEAnalyst/events{/privacy}","received_events_url":"https://api.github.com/users/REPEAnalyst/received_events","type":"User","site_admin":false,"name":null,"company":null,"blog":"","location":null,"email":null,"hireable":null,"bio":null,"twitter_username":null,"public_repos":1,"public_gists":0,"followers":0,"following":0,"created_at":"2021-08-16T04:09:11Z","updated_at":"2023-09-04T12:22:44Z","private_gists":0,"total_private_repos":1,"owned_private_repos":0,"disk_usage":0,"collaborators":0,"two_factor_authentication":false,"plan":{"name":"free","space":976562499,"collaborators":0,"private_repos":10000}}
[info] 
[info] +  Success! Logged into GitHub as REPEAnalyst 
[info] 
